[2025-08-20 21:00:10] INFO: ::1 - - [20/Aug/2025:20:00:10 +0000] "POST /api/v1/payment/initialize HTTP/1.1" 302 92 "-" "PostmanRuntime/7.45.0"
[2025-08-20 21:14:27] INFO: Initializing payment with data:
[2025-08-20 21:14:29] INFO: ::1 - - [20/Aug/2025:20:14:29 +0000] "POST /api/v1/payment/initialize HTTP/1.1" 302 92 "-" "PostmanRuntime/7.45.0"
[2025-08-20 21:21:32] INFO: Initializing payment with data:  {"name":{},"email":"example@email.com","phone":"data.phone","amount":10000,"submission_id":"data.submission_id","deliverytype":"data.deliverytype","deliveryaddress":"data?.deliveryaddress","ip":"data.ip"}
[2025-08-20 21:21:34] INFO: Morgan::1 - - [20/Aug/2025:20:21:34 +0000] "POST /api/v1/payment/initialize HTTP/1.1" 302 92 "-" "PostmanRuntime/7.45.0"  
[2025-08-20 21:22:01] INFO: Initializing payment with data:  {"name":{"first":"data.firstName","last":"data.lastName"},"email":"example@email.com","phone":"data.phone","amount":10000,"submission_id":"data.submission_id","deliverytype":"data.deliverytype","deliveryaddress":"data?.deliveryaddress","ip":"data.ip"}
[2025-08-20 21:22:03] INFO: Morgan::1 - - [20/Aug/2025:20:22:03 +0000] "POST /api/v1/payment/initialize HTTP/1.1" 302 92 "-" "PostmanRuntime/7.45.0"  
[2025-08-20 21:23:48] INFO: Initializing payment with data:  {"name":{"first":"data.firstName","last":"data.lastName"},"email":"example@email.com","phone":"data.phone","amount":10000,"submission_id":"data.submission_id","deliverytype":"data.deliverytype","deliveryaddress":"data?.deliveryaddress","ip":"data.ip"}
[2025-08-20 21:23:53] INFO: Monnify transaction initialized:  {"requestSuccessful":true,"responseMessage":"success","responseCode":"0","responseBody":{"transactionReference":"MNFY|08|20250820212352|000146","paymentReference":"REF-1755721431943","merchantName":"Mubby","apiKey":"MK_TEST_9F7LZN529L","redirectUrl":"https://google.com","enabledPaymentMethod":["CARD","ACCOUNT_TRANSFER"],"checkoutUrl":"https://sandbox.sdk.monnify.com/checkout/MNFY|08|20250820212352|000146","metaData":{"firstName":"data.firstName","lastName":"data.lastName","email":"example@email.com","phone":"data.phone","amount":"10000","paymentReference":"REF-1755721431943","submission_id":"data.submission_id","deliverytype":"data.deliverytype","deliveryaddress":"data?.deliveryaddress","ip":"data.ip"}}}
[2025-08-20 21:23:53] INFO: Morgan::1 - - [20/Aug/2025:20:23:53 +0000] "POST /api/v1/payment/initialize HTTP/1.1" 302 92 "-" "PostmanRuntime/7.45.0"  
[2025-08-20 21:24:31] INFO: Initializing payment with data:  {"name":{"first":"data.firstName","last":"data.lastName"},"email":"example@email.com","phone":"data.phone","amount":10000,"submission_id":"data.submission_id","deliverytype":"data.deliverytype","deliveryaddress":"data?.deliveryaddress","ip":"data.ip"}
[2025-08-20 21:24:32] INFO: 
 Monnify transaction initialized:  {"requestSuccessful":true,"responseMessage":"success","responseCode":"0","responseBody":{"transactionReference":"MNFY|08|20250820212432|000147","paymentReference":"REF-1755721472453","merchantName":"Mubby","apiKey":"MK_TEST_9F7LZN529L","redirectUrl":"https://google.com","enabledPaymentMethod":["CARD","ACCOUNT_TRANSFER"],"checkoutUrl":"https://sandbox.sdk.monnify.com/checkout/MNFY|08|20250820212432|000147","metaData":{"firstName":"data.firstName","lastName":"data.lastName","email":"example@email.com","phone":"data.phone","amount":"10000","paymentReference":"REF-1755721472453","submission_id":"data.submission_id","deliverytype":"data.deliverytype","deliveryaddress":"data?.deliveryaddress","ip":"data.ip"}}}
[2025-08-20 21:24:32] INFO: Morgan::1 - - [20/Aug/2025:20:24:32 +0000] "POST /api/v1/payment/initialize HTTP/1.1" 302 92 "-" "PostmanRuntime/7.45.0"  
[2025-08-20 21:25:31] INFO: Initializing payment with data:  {"name":{"first":"data.firstName","last":"data.lastName"},"email":"example@email.com","phone":"data.phone","amount":10000,"submission_id":"data.submission_id","deliverytype":"data.deliverytype","deliveryaddress":"data?.deliveryaddress","ip":"data.ip"}
[2025-08-20 21:25:34] INFO: 
 Monnify transaction initialized: 
  {"requestSuccessful":true,"responseMessage":"success","responseCode":"0","responseBody":{"transactionReference":"MNFY|24|20250820212534|000161","paymentReference":"REF-1755721534087","merchantName":"Mubby","apiKey":"MK_TEST_9F7LZN529L","redirectUrl":"https://google.com","enabledPaymentMethod":["CARD","ACCOUNT_TRANSFER"],"checkoutUrl":"https://sandbox.sdk.monnify.com/checkout/MNFY|24|20250820212534|000161","metaData":{"firstName":"data.firstName","lastName":"data.lastName","email":"example@email.com","phone":"data.phone","amount":"10000","paymentReference":"REF-1755721534087","submission_id":"data.submission_id","deliverytype":"data.deliverytype","deliveryaddress":"data?.deliveryaddress","ip":"data.ip"}}}
[2025-08-20 21:25:34] INFO: Morgan::1 - - [20/Aug/2025:20:25:34 +0000] "POST /api/v1/payment/initialize HTTP/1.1" 302 92 "-" "PostmanRuntime/7.45.0"  
[2025-08-21 15:45:46] INFO: Initializing payment with data:  {"name":{"first":"data.firstName","last":"data.lastName"},"email":"example@email.com","phone":"data.phone","amount":10000,"submission_id":"data.submission_id","deliverytype":"data.deliverytype","deliveryaddress":"data?.deliveryaddress","ip":"data.ip","redirectUrl":"https://www.google.com"}
[2025-08-21 15:45:48] INFO: Monnify transaction initialized: 
  {"requestSuccessful":true,"responseMessage":"success","responseCode":"0","responseBody":{"transactionReference":"MNFY|24|20250821154548|000215","paymentReference":"REF-1755787547967","merchantName":"Mubby","apiKey":"MK_TEST_9F7LZN529L","redirectUrl":"https://google.com","enabledPaymentMethod":["CARD","ACCOUNT_TRANSFER"],"checkoutUrl":"https://sandbox.sdk.monnify.com/checkout/MNFY|24|20250821154548|000215","metaData":{"firstName":"data.firstName","lastName":"data.lastName","email":"example@email.com","phone":"data.phone","amount":"10000","paymentReference":"REF-1755787547967","submission_id":"data.submission_id","deliverytype":"data.deliverytype","deliveryaddress":"data?.deliveryaddress","ip":"data.ip"}}}
[2025-08-21 15:45:48] INFO: Morgan::1 - - [21/Aug/2025:14:45:48 +0000] "POST /api/v1/payment/initialize HTTP/1.1" 302 92 "-" "PostmanRuntime/7.45.0"  
[2025-08-21 15:46:35] INFO: Initializing payment with data:  {"name":{"first":"data.firstName","last":"data.lastName"},"email":"example@email.com","phone":"data.phone","amount":10000,"submission_id":"data.submission_id","deliverytype":"data.deliverytype","deliveryaddress":"data?.deliveryaddress","ip":"data.ip","redirectUrl":"https://www.google.com"}
[2025-08-21 15:46:36] INFO: Monnify transaction initialized: 
  {"requestSuccessful":true,"responseMessage":"success","responseCode":"0","responseBody":{"transactionReference":"MNFY|24|20250821154636|000216","paymentReference":"REF-1755787596199","merchantName":"Mubby","apiKey":"MK_TEST_9F7LZN529L","redirectUrl":"https://google.com","enabledPaymentMethod":["CARD","ACCOUNT_TRANSFER"],"checkoutUrl":"https://sandbox.sdk.monnify.com/checkout/MNFY|24|20250821154636|000216","metaData":{"firstName":"data.firstName","lastName":"data.lastName","email":"example@email.com","phone":"data.phone","amount":"10000","paymentReference":"REF-1755787596199","submission_id":"data.submission_id","deliverytype":"data.deliverytype","deliveryaddress":"data?.deliveryaddress","ip":"data.ip"}}}
[2025-08-21 15:46:36] INFO: Checkout URL generated:  
[2025-08-21 15:46:36] INFO: Morgan::1 - - [21/Aug/2025:14:46:36 +0000] "POST /api/v1/payment/initialize HTTP/1.1" 302 92 "-" "PostmanRuntime/7.45.0"  
[2025-08-21 15:47:44] INFO: Initializing payment with data:  {"name":{"first":"data.firstName","last":"data.lastName"},"email":"example@email.com","phone":"data.phone","amount":10000,"submission_id":"data.submission_id","deliverytype":"data.deliverytype","deliveryaddress":"data?.deliveryaddress","ip":"data.ip","redirectUrl":"https://www.google.com"}
[2025-08-21 15:47:46] INFO: Monnify transaction initialized: 
  {"requestSuccessful":true,"responseMessage":"success","responseCode":"0","responseBody":{"transactionReference":"MNFY|08|20250821154746|000204","paymentReference":"REF-1755787665819","merchantName":"Mubby","apiKey":"MK_TEST_9F7LZN529L","redirectUrl":"https://google.com","enabledPaymentMethod":["CARD","ACCOUNT_TRANSFER"],"checkoutUrl":"https://sandbox.sdk.monnify.com/checkout/MNFY|08|20250821154746|000204","metaData":{"firstName":"data.firstName","lastName":"data.lastName","email":"example@email.com","phone":"data.phone","amount":"10000","paymentReference":"REF-1755787665819","submission_id":"data.submission_id","deliverytype":"data.deliverytype","deliveryaddress":"data?.deliveryaddress","ip":"data.ip"}}}
[2025-08-21 15:47:46] INFO: Checkout URL generated:  "https://sandbox.sdk.monnify.com/checkout/MNFY|08|20250821154746|000204"
[2025-08-21 15:47:46] INFO: Morgan::1 - - [21/Aug/2025:14:47:46 +0000] "POST /api/v1/payment/initialize HTTP/1.1" 302 92 "-" "PostmanRuntime/7.45.0"  
[2025-08-21 16:40:49] INFO: Initializing payment with data:  {"name":{"first":"data.firstName","last":"data.lastName"},"email":"example@email.com","phone":"data.phone","amount":10000,"submission_id":"data.submission_id","deliverytype":"data.deliverytype","deliveryaddress":"data?.deliveryaddress","ip":"data.ip","redirectUrl":"https://www.google.com"}
[2025-08-21 16:40:51] INFO: Monnify transaction initialized: 
  {"requestSuccessful":true,"responseMessage":"success","responseCode":"0","responseBody":{"transactionReference":"MNFY|24|20250821164051|000388","paymentReference":"REF-1755790850724","merchantName":"Mubby","apiKey":"MK_TEST_9F7LZN529L","redirectUrl":"https://google.com","enabledPaymentMethod":["CARD","ACCOUNT_TRANSFER"],"checkoutUrl":"https://sandbox.sdk.monnify.com/checkout/MNFY|24|20250821164051|000388","metaData":{"firstName":"data.firstName","lastName":"data.lastName","email":"example@email.com","phone":"data.phone","amount":"10000","paymentReference":"REF-1755790850724","submission_id":"data.submission_id","deliverytype":"data.deliverytype","deliveryaddress":"data?.deliveryaddress","ip":"data.ip"}}}
[2025-08-21 16:40:51] INFO: Checkout URL generated:  "https://sandbox.sdk.monnify.com/checkout/MNFY|24|20250821164051|000388"
[2025-08-21 16:40:51] INFO: [Morgan]::1 - - [21/Aug/2025:15:40:51 +0000] "POST /api/v1/payment/initialize HTTP/1.1" 302 92 "-" "PostmanRuntime/7.45.0"  
[2025-08-21 16:49:22] INFO: Initializing payment with data:  {"name":{"first":"data.firstName","last":"data.lastName"},"email":"example@email.com","phone":"data.phone","amount":10000,"submission_id":"data.submission_id","deliverytype":"data.deliverytype","deliveryaddress":"data?.deliveryaddress","ip":"data.ip","redirectUrl":"https://www.google.com"}
[2025-08-21 16:49:23] INFO: Monnify transaction initialized: 
  {"requestSuccessful":true,"responseMessage":"success","responseCode":"0","responseBody":{"transactionReference":"MNFY|08|20250821164923|000371","paymentReference":"REF-1755791363126","merchantName":"Mubby","apiKey":"MK_TEST_9F7LZN529L","redirectUrl":"https://google.com","enabledPaymentMethod":["CARD","ACCOUNT_TRANSFER"],"checkoutUrl":"https://sandbox.sdk.monnify.com/checkout/MNFY|08|20250821164923|000371","metaData":{"firstName":"data.firstName","lastName":"data.lastName","email":"example@email.com","phone":"data.phone","amount":"10000","paymentReference":"REF-1755791363126","submission_id":"data.submission_id","deliverytype":"data.deliverytype","deliveryaddress":"data?.deliveryaddress","ip":"data.ip"}}}
[2025-08-21 16:49:23] INFO: Checkout URL generated:  "https://sandbox.sdk.monnify.com/checkout/MNFY|08|20250821164923|000371"
[2025-08-21 16:49:23] INFO: [Morgan]::1 - - [21/Aug/2025:15:49:23 +0000] "POST /api/v1/payment/initialize HTTP/1.1" 302 92 "-" "PostmanRuntime/7.45.0"  
[2025-08-21 16:49:57] INFO: Initializing payment with data:  {"name":{"first":"data.firstName","last":"data.lastName"},"email":"example@email.com","phone":"data.phone","amount":10000,"submission_id":"data.submission_id","deliverytype":"data.deliverytype","deliveryaddress":"data?.deliveryaddress","ip":"data.ip","redirectUrl":"https://www.google.com"}
[2025-08-21 16:49:58] INFO: Monnify transaction initialized: 
  {"requestSuccessful":true,"responseMessage":"success","responseCode":"0","responseBody":{"transactionReference":"MNFY|24|20250821164958|000390","paymentReference":"REF-1755791397814","merchantName":"Mubby","apiKey":"MK_TEST_9F7LZN529L","redirectUrl":"https://google.com","enabledPaymentMethod":["CARD","ACCOUNT_TRANSFER"],"checkoutUrl":"https://sandbox.sdk.monnify.com/checkout/MNFY|24|20250821164958|000390","metaData":{"firstName":"data.firstName","lastName":"data.lastName","email":"example@email.com","phone":"data.phone","amount":"10000","paymentReference":"REF-1755791397814","submission_id":"data.submission_id","deliverytype":"data.deliverytype","deliveryaddress":"data?.deliveryaddress","ip":"data.ip"}}}
[2025-08-21 16:49:58] INFO: Checkout URL generated:  "https://sandbox.sdk.monnify.com/checkout/MNFY|24|20250821164958|000390"
[2025-08-21 16:49:58] INFO: [Morgan]::1 - - [21/Aug/2025:15:49:58 +0000] "POST /api/v1/payment/initialize HTTP/1.1" 302 92 "-" "PostmanRuntime/7.45.0"  
